<?xml version="1.0" encoding="UTF-8"?>
<testsuite xmlns:xsi="http://www.w3.org/2001/XMLSchema-instance" xsi:noNamespaceSchemaLocation="https://maven.apache.org/surefire/maven-surefire-plugin/xsd/surefire-test-report-3.0.xsd" version="3.0" name="com.p2p.LoanServiceTest" time="0.354" tests="4" errors="0" skipped="0" failures="0">
  <properties>
[...]
</properties>
  <testcase name="shouldRejectLoanWhenCreditScoreLow" classname="com.p2p.LoanServiceTest" time="0.037">
    <system-out><![CDATA[21:09:56.765 [INFO ] LoanServiceTest - --> Menjalankan TC-04
21:09:56.782 [INFO ] LoanServiceTest - --> TC-04 Berhasil: Pinjaman ditolak.
]]></system-out>
  </testcase>
  <testcase name="shouldApproveLoanWhenCreditScoreHigh" classname="com.p2p.LoanServiceTest" time="0.001">
    <system-out><![CDATA[21:09:56.792 [INFO ] LoanServiceTest - --> Menjalankan TC-03
21:09:56.792 [INFO ] LoanServiceTest - --> TC-03 Berhasil: Pinjaman disetujui.
]]></system-out>
  </testcase>
  <testcase name="shouldRejectLoanWhenAmountIsZeroOrNegative" classname="com.p2p.LoanServiceTest" time="0.01">
    <system-out><![CDATA[21:09:56.795 [INFO ] LoanServiceTest - --> Menjalankan TC-02
21:09:56.802 [ERROR] LoanService - Validasi Gagal: Nominal pinjaman tidak valid (0)
21:09:56.802 [INFO ] LoanServiceTest - --> TC-02 Berhasil: Sistem menolak nominal pinjaman <= 0.
]]></system-out>
  </testcase>
  <testcase name="shouldRejectLoanWhenBorrowerNotVerified" classname="com.p2p.LoanServiceTest" time="0.005">
    <system-out><![CDATA[21:09:56.807 [INFO ] LoanServiceTest - --> Menjalankan TC-01.
21:09:56.808 [ERROR] LoanService - Validasi Gagal: Borrower belum terverifikasi (KYC)
21:09:56.808 [INFO ] LoanServiceTest - --> TC-01 Berhasil: Sistem menolak borrower yang belum diverifikasi.
]]></system-out>
  </testcase>
</testsuite>